Performing C SOURCE FILE Test CMAKE_HAVE_LIBC_PTHREAD failed with the following output:
Change Dir: /home/davide/project1/src/cmake-build-debug/CMakeFiles/CMakeTmp

Run Build Command(s):/usr/bin/make cmTC_67445/fast && /usr/bin/make  -f CMakeFiles/cmTC_67445.dir/build.make CMakeFiles/cmTC_67445.dir/build
make[1]: ingresso nella directory "/home/davide/project1/src/cmake-build-debug/CMakeFiles/CMakeTmp"
Building C object CMakeFiles/cmTC_67445.dir/src.c.o
/usr/bin/cc -DCMAKE_HAVE_LIBC_PTHREAD   -o CMakeFiles/cmTC_67445.dir/src.c.o -c /home/davide/project1/src/cmake-build-debug/CMakeFiles/CMakeTmp/src.c
Linking C executable cmTC_67445
/snap/clion/151/bin/cmake/linux/bin/cmake -E cmake_link_script CMakeFiles/cmTC_67445.dir/link.txt --verbose=1
/usr/bin/cc -rdynamic CMakeFiles/cmTC_67445.dir/src.c.o -o cmTC_67445 
CMakeFiles/cmTC_67445.dir/src.c.o: nella funzione "main":
src.c:(.text+0x3e): riferimento non definito a "pthread_create"
src.c:(.text+0x4a): riferimento non definito a "pthread_detach"
src.c:(.text+0x56): riferimento non definito a "pthread_cancel"
src.c:(.text+0x67): riferimento non definito a "pthread_join"
src.c:(.text+0x7b): riferimento non definito a "pthread_atfork"
collect2: error: ld returned 1 exit status
CMakeFiles/cmTC_67445.dir/build.make:105: recipe for target 'cmTC_67445' failed
make[1]: *** [cmTC_67445] Error 1
make[1]: uscita dalla directory "/home/davide/project1/src/cmake-build-debug/CMakeFiles/CMakeTmp"
Makefile:140: recipe for target 'cmTC_67445/fast' failed
make: *** [cmTC_67445/fast] Error 2


Source file was:
#include <pthread.h>

static void* test_func(void* data)
{
  return data;
}

int main(void)
{
  pthread_t thread;
  pthread_create(&thread, NULL, test_func, NULL);
  pthread_detach(thread);
  pthread_cancel(thread);
  pthread_join(thread, NULL);
  pthread_atfork(NULL, NULL, NULL);
  pthread_exit(NULL);

  return 0;
}

Determining if the function pthread_create exists in the pthreads failed with the following output:
Change Dir: /home/davide/project1/src/cmake-build-debug/CMakeFiles/CMakeTmp

Run Build Command(s):/usr/bin/make cmTC_38a25/fast && /usr/bin/make  -f CMakeFiles/cmTC_38a25.dir/build.make CMakeFiles/cmTC_38a25.dir/build
make[1]: ingresso nella directory "/home/davide/project1/src/cmake-build-debug/CMakeFiles/CMakeTmp"
Building C object CMakeFiles/cmTC_38a25.dir/CheckFunctionExists.c.o
/usr/bin/cc   -DCHECK_FUNCTION_EXISTS=pthread_create -o CMakeFiles/cmTC_38a25.dir/CheckFunctionExists.c.o -c /snap/clion/151/bin/cmake/linux/share/cmake-3.19/Modules/CheckFunctionExists.c
Linking C executable cmTC_38a25
/snap/clion/151/bin/cmake/linux/bin/cmake -E cmake_link_script CMakeFiles/cmTC_38a25.dir/link.txt --verbose=1
/usr/bin/cc  -DCHECK_FUNCTION_EXISTS=pthread_create -rdynamic CMakeFiles/cmTC_38a25.dir/CheckFunctionExists.c.o -o cmTC_38a25  -lpthreads 
/usr/bin/ld: impossibile trovare -lpthreads
collect2: error: ld returned 1 exit status
CMakeFiles/cmTC_38a25.dir/build.make:105: recipe for target 'cmTC_38a25' failed
make[1]: *** [cmTC_38a25] Error 1
make[1]: uscita dalla directory "/home/davide/project1/src/cmake-build-debug/CMakeFiles/CMakeTmp"
Makefile:140: recipe for target 'cmTC_38a25/fast' failed
make: *** [cmTC_38a25/fast] Error 2



