Performing C SOURCE FILE Test CMAKE_HAVE_LIBC_PTHREAD failed with the following output:
Change Dir: /home/davide/project1/src/synchro_mess_filters/cmake-build-debug/CMakeFiles/CMakeTmp

Run Build Command(s):/usr/bin/make cmTC_47436/fast && /usr/bin/make  -f CMakeFiles/cmTC_47436.dir/build.make CMakeFiles/cmTC_47436.dir/build
make[1]: ingresso nella directory "/home/davide/project1/src/synchro_mess_filters/cmake-build-debug/CMakeFiles/CMakeTmp"
Building C object CMakeFiles/cmTC_47436.dir/src.c.o
/usr/bin/cc   -DCMAKE_HAVE_LIBC_PTHREAD   -o CMakeFiles/cmTC_47436.dir/src.c.o   -c /home/davide/project1/src/synchro_mess_filters/cmake-build-debug/CMakeFiles/CMakeTmp/src.c
Linking C executable cmTC_47436
/snap/clion/139/bin/cmake/linux/bin/cmake -E cmake_link_script CMakeFiles/cmTC_47436.dir/link.txt --verbose=1
/usr/bin/cc  -DCMAKE_HAVE_LIBC_PTHREAD    -rdynamic CMakeFiles/cmTC_47436.dir/src.c.o  -o cmTC_47436 
CMakeFiles/cmTC_47436.dir/src.c.o: nella funzione "main":
src.c:(.text+0x3e): riferimento non definito a "pthread_create"
src.c:(.text+0x4a): riferimento non definito a "pthread_detach"
src.c:(.text+0x56): riferimento non definito a "pthread_cancel"
src.c:(.text+0x67): riferimento non definito a "pthread_join"
src.c:(.text+0x7b): riferimento non definito a "pthread_atfork"
collect2: error: ld returned 1 exit status
CMakeFiles/cmTC_47436.dir/build.make:106: recipe for target 'cmTC_47436' failed
make[1]: *** [cmTC_47436] Error 1
make[1]: uscita dalla directory "/home/davide/project1/src/synchro_mess_filters/cmake-build-debug/CMakeFiles/CMakeTmp"
Makefile:141: recipe for target 'cmTC_47436/fast' failed
make: *** [cmTC_47436/fast] Error 2


Source file was:
#include <pthread.h>

void* test_func(void* data)
{
  return data;
}

int main(void)
{
  pthread_t thread;
  pthread_create(&thread, NULL, test_func, NULL);
  pthread_detach(thread);
  pthread_cancel(thread);
  pthread_join(thread, NULL);
  pthread_atfork(NULL, NULL, NULL);
  pthread_exit(NULL);

  return 0;
}

Determining if the function pthread_create exists in the pthreads failed with the following output:
Change Dir: /home/davide/project1/src/synchro_mess_filters/cmake-build-debug/CMakeFiles/CMakeTmp

Run Build Command(s):/usr/bin/make cmTC_cdbd9/fast && /usr/bin/make  -f CMakeFiles/cmTC_cdbd9.dir/build.make CMakeFiles/cmTC_cdbd9.dir/build
make[1]: ingresso nella directory "/home/davide/project1/src/synchro_mess_filters/cmake-build-debug/CMakeFiles/CMakeTmp"
Building C object CMakeFiles/cmTC_cdbd9.dir/CheckFunctionExists.c.o
/usr/bin/cc   -DCHECK_FUNCTION_EXISTS=pthread_create   -o CMakeFiles/cmTC_cdbd9.dir/CheckFunctionExists.c.o   -c /snap/clion/139/bin/cmake/linux/share/cmake-3.17/Modules/CheckFunctionExists.c
Linking C executable cmTC_cdbd9
/snap/clion/139/bin/cmake/linux/bin/cmake -E cmake_link_script CMakeFiles/cmTC_cdbd9.dir/link.txt --verbose=1
/usr/bin/cc  -DCHECK_FUNCTION_EXISTS=pthread_create    -rdynamic CMakeFiles/cmTC_cdbd9.dir/CheckFunctionExists.c.o  -o cmTC_cdbd9  -lpthreads 
/usr/bin/ld: impossibile trovare -lpthreads
collect2: error: ld returned 1 exit status
CMakeFiles/cmTC_cdbd9.dir/build.make:106: recipe for target 'cmTC_cdbd9' failed
make[1]: *** [cmTC_cdbd9] Error 1
make[1]: uscita dalla directory "/home/davide/project1/src/synchro_mess_filters/cmake-build-debug/CMakeFiles/CMakeTmp"
Makefile:141: recipe for target 'cmTC_cdbd9/fast' failed
make: *** [cmTC_cdbd9/fast] Error 2



